INFO:     Started server process [43013]
INFO:     Waiting for application startup.
INFO:     Application startup complete.
INFO:     Uvicorn running on http://127.0.0.1:8000 (Press CTRL+C to quit)
INFO:     127.0.0.1:64451 - "POST /api/v1/add-hardware HTTP/1.1" 500 Internal Server Error
ERROR:    Exception in ASGI application
Traceback (most recent call last):
  File "/Library/Frameworks/Python.framework/Versions/3.13/lib/python3.13/site-packages/uvicorn/protocols/http/httptools_impl.py", line 409, in run_asgi
    result = await app(  # type: ignore[func-returns-value]
             ^^^^^^^^^^^^^^^^^^^^^^^^^^^^^^^^^^^^^^^^^^^^^^
        self.scope, self.receive, self.send
        ^^^^^^^^^^^^^^^^^^^^^^^^^^^^^^^^^^^
    )
    ^
  File "/Library/Frameworks/Python.framework/Versions/3.13/lib/python3.13/site-packages/uvicorn/middleware/proxy_headers.py", line 60, in __call__
    return await self.app(scope, receive, send)
           ^^^^^^^^^^^^^^^^^^^^^^^^^^^^^^^^^^^^
  File "/Library/Frameworks/Python.framework/Versions/3.13/lib/python3.13/site-packages/fastapi/applications.py", line 1054, in __call__
    await super().__call__(scope, receive, send)
  File "/Library/Frameworks/Python.framework/Versions/3.13/lib/python3.13/site-packages/starlette/applications.py", line 113, in __call__
    await self.middleware_stack(scope, receive, send)
  File "/Library/Frameworks/Python.framework/Versions/3.13/lib/python3.13/site-packages/starlette/middleware/errors.py", line 186, in __call__
    raise exc
  File "/Library/Frameworks/Python.framework/Versions/3.13/lib/python3.13/site-packages/starlette/middleware/errors.py", line 164, in __call__
    await self.app(scope, receive, _send)
  File "/Library/Frameworks/Python.framework/Versions/3.13/lib/python3.13/site-packages/starlette/middleware/exceptions.py", line 63, in __call__
    await wrap_app_handling_exceptions(self.app, conn)(scope, receive, send)
  File "/Library/Frameworks/Python.framework/Versions/3.13/lib/python3.13/site-packages/starlette/_exception_handler.py", line 53, in wrapped_app
    raise exc
  File "/Library/Frameworks/Python.framework/Versions/3.13/lib/python3.13/site-packages/starlette/_exception_handler.py", line 42, in wrapped_app
    await app(scope, receive, sender)
  File "/Library/Frameworks/Python.framework/Versions/3.13/lib/python3.13/site-packages/starlette/routing.py", line 716, in __call__
    await self.middleware_stack(scope, receive, send)
  File "/Library/Frameworks/Python.framework/Versions/3.13/lib/python3.13/site-packages/starlette/routing.py", line 736, in app
    await route.handle(scope, receive, send)
  File "/Library/Frameworks/Python.framework/Versions/3.13/lib/python3.13/site-packages/starlette/routing.py", line 290, in handle
    await self.app(scope, receive, send)
  File "/Library/Frameworks/Python.framework/Versions/3.13/lib/python3.13/site-packages/starlette/routing.py", line 78, in app
    await wrap_app_handling_exceptions(app, request)(scope, receive, send)
  File "/Library/Frameworks/Python.framework/Versions/3.13/lib/python3.13/site-packages/starlette/_exception_handler.py", line 53, in wrapped_app
    raise exc
  File "/Library/Frameworks/Python.framework/Versions/3.13/lib/python3.13/site-packages/starlette/_exception_handler.py", line 42, in wrapped_app
    await app(scope, receive, sender)
  File "/Library/Frameworks/Python.framework/Versions/3.13/lib/python3.13/site-packages/starlette/routing.py", line 75, in app
    response = await f(request)
               ^^^^^^^^^^^^^^^^
  File "/Library/Frameworks/Python.framework/Versions/3.13/lib/python3.13/site-packages/fastapi/routing.py", line 328, in app
    content = await serialize_response(
              ^^^^^^^^^^^^^^^^^^^^^^^^^
    ...<9 lines>...
    )
    ^
  File "/Library/Frameworks/Python.framework/Versions/3.13/lib/python3.13/site-packages/fastapi/routing.py", line 177, in serialize_response
    raise ResponseValidationError(
        errors=_normalize_errors(errors), body=response_content
    )
fastapi.exceptions.ResponseValidationError: 9 validation errors:
  {'type': 'missing', 'loc': ('response', 'ckt_item_number'), 'msg': 'Field required', 'input': {'message': 'Hardware added successfully', 'data': <models.Hardware object at 0x108723b60>}}
  {'type': 'missing', 'loc': ('response', 'hardware_type'), 'msg': 'Field required', 'input': {'message': 'Hardware added successfully', 'data': <models.Hardware object at 0x108723b60>}}
  {'type': 'missing', 'loc': ('response', 'qty'), 'msg': 'Field required', 'input': {'message': 'Hardware added successfully', 'data': <models.Hardware object at 0x108723b60>}}
  {'type': 'missing', 'loc': ('response', 'manufacturer'), 'msg': 'Field required', 'input': {'message': 'Hardware added successfully', 'data': <models.Hardware object at 0x108723b60>}}
  {'type': 'missing', 'loc': ('response', 'model_number'), 'msg': 'Field required', 'input': {'message': 'Hardware added successfully', 'data': <models.Hardware object at 0x108723b60>}}
  {'type': 'missing', 'loc': ('response', 'serial_number'), 'msg': 'Field required', 'input': {'message': 'Hardware added successfully', 'data': <models.Hardware object at 0x108723b60>}}
  {'type': 'missing', 'loc': ('response', 'operational'), 'msg': 'Field required', 'input': {'message': 'Hardware added successfully', 'data': <models.Hardware object at 0x108723b60>}}
  {'type': 'missing', 'loc': ('response', 'new_or_used'), 'msg': 'Field required', 'input': {'message': 'Hardware added successfully', 'data': <models.Hardware object at 0x108723b60>}}
  {'type': 'missing', 'loc': ('response', 'id'), 'msg': 'Field required', 'input': {'message': 'Hardware added successfully', 'data': <models.Hardware object at 0x108723b60>}}

